0 info it worked if it ends with ok
1 verbose cli [ '/home/ubuntu/.nvm/versions/node/v4.2.4/bin/node',
1 verbose cli   '/home/ubuntu/.nvm/versions/node/v4.2.4/bin/npm',
1 verbose cli   'restart' ]
2 info using npm@2.14.12
3 info using node@v4.2.4
4 verbose run-script [ 'prerestart',
4 verbose run-script   'prestop',
4 verbose run-script   'stop',
4 verbose run-script   'poststop',
4 verbose run-script   'restart',
4 verbose run-script   'prestart',
4 verbose run-script   'start',
4 verbose run-script   'poststart',
4 verbose run-script   'postrestart' ]
5 info prerestart flapper-news@0.0.0
6 info prestop flapper-news@0.0.0
7 info stop flapper-news@0.0.0
8 info poststop flapper-news@0.0.0
9 info restart flapper-news@0.0.0
10 info prestart flapper-news@0.0.0
11 info start flapper-news@0.0.0
12 verbose unsafe-perm in lifecycle true
13 info flapper-news@0.0.0 Failed to exec start script
14 verbose stack Error: flapper-news@0.0.0 start: `node ./bin/www`
14 verbose stack Exit status 1
14 verbose stack     at EventEmitter.<anonymous> (/home/ubuntu/.nvm/versions/node/v4.2.4/lib/node_modules/npm/lib/utils/lifecycle.js:214:16)
14 verbose stack     at emitTwo (events.js:87:13)
14 verbose stack     at EventEmitter.emit (events.js:172:7)
14 verbose stack     at ChildProcess.<anonymous> (/home/ubuntu/.nvm/versions/node/v4.2.4/lib/node_modules/npm/lib/utils/spawn.js:24:14)
14 verbose stack     at emitTwo (events.js:87:13)
14 verbose stack     at ChildProcess.emit (events.js:172:7)
14 verbose stack     at maybeClose (internal/child_process.js:818:16)
14 verbose stack     at Process.ChildProcess._handle.onexit (internal/child_process.js:211:5)
15 verbose pkgid flapper-news@0.0.0
16 verbose cwd /home/ubuntu/workspace/sigh/flapper-news
17 error Linux 4.2.0-c9
18 error argv "/home/ubuntu/.nvm/versions/node/v4.2.4/bin/node" "/home/ubuntu/.nvm/versions/node/v4.2.4/bin/npm" "restart"
19 error node v4.2.4
20 error npm  v2.14.12
21 error code ELIFECYCLE
22 error flapper-news@0.0.0 start: `node ./bin/www`
22 error Exit status 1
23 error Failed at the flapper-news@0.0.0 start script 'node ./bin/www'.
23 error This is most likely a problem with the flapper-news package,
23 error not with npm itself.
23 error Tell the author that this fails on your system:
23 error     node ./bin/www
23 error You can get their info via:
23 error     npm owner ls flapper-news
23 error There is likely additional logging output above.
24 verbose exit [ 1, true ]
